[2026-02-07 14:06:53] [APP] INFO: Swagger disponible en /api-docs
[2026-02-07 14:06:53] [APP] INFO: Rutas montadas en /api/v1
[2026-02-07 14:06:54] [APP] INFO: [MongoDB Config] Conexión con la base de datos inicializada con éxito.
[2026-02-07 14:06:54] [APP] INFO: Servidor escuchando en https://localhost: 4000
[2026-02-07 14:07:49] [APP] INFO: Cliente conectado por WS
[2026-02-07 14:08:28] [APP] INFO: [WS] UPDATE Sonda = Madrid (clientes: 1)
[2026-02-07 14:08:48] [APP] INFO: [WS] CREATE Presión = Madrid (clientes: 1)
[2026-02-07 14:09:18] [APP] INFO: [WS] UPDATE Presión = Madrid (clientes: 1)
[2026-02-07 14:16:40] [APP] INFO: [WS] CREATE Velocidad_viento = Madrid (clientes: 1)
[2026-02-07 14:17:08] [APP] ERROR: [PUT] /api/v1/datosViento/69873b388575e6f96082fa24 - Cannot read properties of null (reading '_id')
[2026-02-07 14:17:22] [APP] INFO: [WS] UPDATE Velocidad_viento = Madrid (clientes: 1)
[2026-02-07 14:20:08] [APP] INFO: [WS] CREATE Presión = Madrid (clientes: 1)
[2026-02-07 14:23:41] [APP] INFO: Cliente deconectado
[2026-02-07 14:28:01] [APP] INFO: Cliente conectado por WS
[2026-02-07 14:28:40] [APP] INFO: [WS] UPDATE Sonda = Madrid (clientes: 1)
[2026-02-07 14:29:03] [APP] INFO: [WS] CREATE Velocidad_viento = Madrid (clientes: 1)
[2026-02-07 14:29:22] [APP] INFO: Cliente conectado por WS
[2026-02-07 14:29:28] [APP] INFO: Cliente conectado por WS
[2026-02-07 14:29:50] [APP] INFO: [WS] UPDATE Sonda = Gijón (clientes: 1)
[2026-02-07 14:30:32] [APP] INFO: [WS] CREATE Probabilidad_precipitación = Gijón (clientes: 1)
[2026-02-07 14:30:54] [APP] INFO: Cliente deconectado
[2026-02-07 14:31:09] [APP] INFO: Cliente conectado por WS
[2026-02-07 14:31:29] [APP] INFO: [WS] UPDATE Probabilidad_precipitación = Gijón (clientes: 2)
[2026-02-07 14:35:05] [APP] INFO: Cliente deconectado
[2026-02-07 14:35:05] [APP] INFO: Cliente deconectado
[2026-02-07 14:35:05] [APP] INFO: Cliente deconectado
